LpHERtAdzy 715 73227
eirEivyvAa 715 165540
OfQcAwuwXi 715 196891
rBxEuvHACu 715 238474
vKvGGIqIvN 715 267026
OSpxYKcOPo 715 268765
OYWFlPwKOS 715 299086
OEUiianXXZ 715 318947
KjJHlUcVnz 715 352595
OrBVohrvpC 715 431773
KZXcBGeDGY 715 434566
MFxpjSanWK 715 487824
aLxfhRCqIp 715 519942
NVDOWtumBS 715 536959
JEJEQzTIUX 715 611235
FwUkpQjBnr 715 643962
xpRqoYGcGJ 715 678948
KnbSzMzPwW 715 697292
qslREMheCu 715 798784
tTXmWAgmYH 715 799979
wwtbyStoDA 715 823399
ibYDhGlHzM 715 830427
KOkLTrvdMu 715 840337
LpElaojxaF 715 864609
bDSGcZIaKq 715 969366
zMzmvUGuGh 66804 17828
LjCcTzhwjx 66804 23219
OXwNeawLFx 66804 25641
FLIwCXNjMS 66804 103848
KzoXdmDoDd 66804 108753
JXGfosDsye 66804 113160
uuCqfpqyWR 66804 169839
dybfwTOIkH 66804 190358
LnVRaCEeUz 66804 198720
CNlLGWWKQe 66804 445183
LKbkqxicwT 66804 528992
cVtaKuvjrX 66804 532902
cWmoVjYpDf 66804 567283
kcGCukKfWq 66804 574020
ueckQiHEJV 66804 618270
yMqlPlGaDe 66804 667700
HtZmRgyItd 66804 707371
SSMqcEYktN 66804 727141
HuRuUNaezV 66804 768210
rDvdAAKxpB 66804 777022
gVrIvwzugU 66804 793643
UIWKyflVhA 66804 893225
OLfbxiTyeZ 66804 903846
CeUkDQvPUb 66804 925552
JYYdojqsrw 66804 926743
